# JRE version: Java(TM) SE Runtime Environment (8.0_171-b11) (build 1.8.0_171-b11)
# Java VM: Java HotSpot(TM) 64-Bit Server VM (25.171-b11 mixed mode linux-amd64 compressed oops)
Heap:
 PSYoungGen      total 238080K, used 15085K [0x00000000d7100000, 0x00000000e6980000, 0x0000000100000000)
  eden space 221696K, 0% used [0x00000000d7100000,0x00000000d7100000,0x00000000e4980000)
  from space 16384K, 92% used [0x00000000e4980000,0x00000000e583b778,0x00000000e5980000)
  to   space 13312K, 0% used [0x00000000e5b80000,0x00000000e5b80000,0x00000000e6880000)
 ParOldGen       total 75264K, used 19849K [0x0000000085200000, 0x0000000089b80000, 0x00000000d7100000)
  object space 75264K, 26% used [0x0000000085200000,0x00000000865626e8,0x0000000089b80000)
 Metaspace       used 41911K, capacity 43586K, committed 43944K, reserved 1087488K
  class space    used 5396K, capacity 5703K, committed 5808K, reserved 1048576K
GC Heap History (10 events):
Event: 1,434 GC heap after
Heap after GC invocations=6 (full 0):
 PSYoungGen      total 134656K, used 5606K [0x00000000d7100000, 0x00000000dfe00000, 0x0000000100000000)
  eden space 126976K, 0% used [0x00000000d7100000,0x00000000d7100000,0x00000000ded00000)
  from space 7680K, 73% used [0x00000000df680000,0x00000000dfbf9a88,0x00000000dfe00000)
  to   space 8704K, 0% used [0x00000000ded00000,0x00000000ded00000,0x00000000df580000)
 ParOldGen       total 84992K, used 5095K [0x0000000085200000, 0x000000008a500000, 0x00000000d7100000)
  object space 84992K, 5% used [0x0000000085200000,0x00000000856f9cd8,0x000000008a500000)
 Metaspace       used 20713K, capacity 21142K, committed 21296K, reserved 1067008K
  class space    used 2697K, capacity 2827K, committed 2864K, reserved 1048576K
}
Event: 1,434 GC heap before
{Heap before GC invocations=7 (full 1):
 PSYoungGen      total 134656K, used 5606K [0x00000000d7100000, 0x00000000dfe00000, 0x0000000100000000)
  eden space 126976K, 0% used [0x00000000d7100000,0x00000000d7100000,0x00000000ded00000)
  from space 7680K, 73% used [0x00000000df680000,0x00000000dfbf9a88,0x00000000dfe00000)
  to   space 8704K, 0% used [0x00000000ded00000,0x00000000ded00000,0x00000000df580000)
 ParOldGen       total 84992K, used 5095K [0x0000000085200000, 0x000000008a500000, 0x00000000d7100000)
  object space 84992K, 5% used [0x0000000085200000,0x00000000856f9cd8,0x000000008a500000)
 Metaspace       used 20713K, capacity 21142K, committed 21296K, reserved 1067008K
  class space    used 2697K, capacity 2827K, committed 2864K, reserved 1048576K
Event: 1,459 GC heap after
Heap after GC invocations=7 (full 1):
 PSYoungGen      total 134656K, used 0K [0x00000000d7100000, 0x00000000dfe00000, 0x0000000100000000)
  eden space 126976K, 0% used [0x00000000d7100000,0x00000000d7100000,0x00000000ded00000)
  from space 7680K, 0% used [0x00000000df680000,0x00000000df680000,0x00000000dfe00000)
  to   space 8704K, 0% used [0x00000000ded00000,0x00000000ded00000,0x00000000df580000)
 ParOldGen       total 47104K, used 5921K [0x0000000085200000, 0x0000000088000000, 0x00000000d7100000)
  object space 47104K, 12% used [0x0000000085200000,0x00000000857c8430,0x0000000088000000)
 Metaspace       used 20713K, capacity 21142K, committed 21296K, reserved 1067008K
  class space    used 2697K, capacity 2827K, committed 2864K, reserved 1048576K
}
Event: 2,294 GC heap before
{Heap before GC invocations=8 (full 1):
 PSYoungGen      total 134656K, used 126976K [0x00000000d7100000, 0x00000000dfe00000, 0x0000000100000000)
  eden space 126976K, 100% used [0x00000000d7100000,0x00000000ded00000,0x00000000ded00000)
  from space 7680K, 0% used [0x00000000df680000,0x00000000df680000,0x00000000dfe00000)
  to   space 8704K, 0% used [0x00000000ded00000,0x00000000ded00000,0x00000000df580000)
 ParOldGen       total 47104K, used 5921K [0x0000000085200000, 0x0000000088000000, 0x00000000d7100000)
  object space 47104K, 12% used [0x0000000085200000,0x00000000857c8430,0x0000000088000000)
 Metaspace       used 29446K, capacity 30212K, committed 30512K, reserved 1075200K
  class space    used 3907K, capacity 4082K, committed 4144K, reserved 1048576K
Event: 2,311 GC heap after
Heap after GC invocations=8 (full 1):
 PSYoungGen      total 135680K, used 8695K [0x00000000d7100000, 0x00000000e6880000, 0x0000000100000000)
  eden space 126976K, 0% used [0x00000000d7100000,0x00000000d7100000,0x00000000ded00000)
  from space 8704K, 99% used [0x00000000ded00000,0x00000000df57df60,0x00000000df580000)
  to   space 13312K, 0% used [0x00000000e5b80000,0x00000000e5b80000,0x00000000e6880000)
 ParOldGen       total 47104K, used 12820K [0x0000000085200000, 0x0000000088000000, 0x00000000d7100000)
  object space 47104K, 27% used [0x0000000085200000,0x0000000085e852a8,0x0000000088000000)
 Metaspace       used 29446K, capacity 30212K, committed 30512K, reserved 1075200K
  class space    used 3907K, capacity 4082K, committed 4144K, reserved 1048576K
}
Event: 3,013 GC heap before
{Heap before GC invocations=9 (full 1):
 PSYoungGen      total 135680K, used 94029K [0x00000000d7100000, 0x00000000e6880000, 0x0000000100000000)
  eden space 126976K, 67% used [0x00000000d7100000,0x00000000dc455808,0x00000000ded00000)
  from space 8704K, 99% used [0x00000000ded00000,0x00000000df57df60,0x00000000df580000)
  to   space 13312K, 0% used [0x00000000e5b80000,0x00000000e5b80000,0x00000000e6880000)
 ParOldGen       total 47104K, used 12820K [0x0000000085200000, 0x0000000088000000, 0x00000000d7100000)
  object space 47104K, 27% used [0x0000000085200000,0x0000000085e852a8,0x0000000088000000)
 Metaspace       used 34124K, capacity 35234K, committed 35496K, reserved 1079296K
  class space    used 4541K, capacity 4765K, committed 4784K, reserved 1048576K
Event: 3,024 GC heap after
Heap after GC invocations=9 (full 1):
 PSYoungGen      total 235008K, used 13293K [0x00000000d7100000, 0x00000000e6980000, 0x0000000100000000)
  eden space 221696K, 0% used [0x00000000d7100000,0x00000000d7100000,0x00000000e4980000)
  from space 13312K, 99% used [0x00000000e5b80000,0x00000000e687b688,0x00000000e6880000)
  to   space 16384K, 0% used [0x00000000e4980000,0x00000000e4980000,0x00000000e5980000)
 ParOldGen       total 47104K, used 15017K [0x0000000085200000, 0x0000000088000000, 0x00000000d7100000)
  object space 47104K, 31% used [0x0000000085200000,0x00000000860aa5b8,0x0000000088000000)
 Metaspace       used 34124K, capacity 35234K, committed 35496K, reserved 1079296K
  class space    used 4541K, capacity 4765K, committed 4784K, reserved 1048576K
}
Event: 3,024 GC heap before
{Heap before GC invocations=10 (full 2):
 PSYoungGen      total 235008K, used 13293K [0x00000000d7100000, 0x00000000e6980000, 0x0000000100000000)
  eden space 221696K, 0% used [0x00000000d7100000,0x00000000d7100000,0x00000000e4980000)
  from space 13312K, 99% used [0x00000000e5b80000,0x00000000e687b688,0x00000000e6880000)
  to   space 16384K, 0% used [0x00000000e4980000,0x00000000e4980000,0x00000000e5980000)
 ParOldGen       total 47104K, used 15017K [0x0000000085200000, 0x0000000088000000, 0x00000000d7100000)
  object space 47104K, 31% used [0x0000000085200000,0x00000000860aa5b8,0x0000000088000000)
 Metaspace       used 34124K, capacity 35234K, committed 35496K, reserved 1079296K
  class space    used 4541K, capacity 4765K, committed 4784K, reserved 1048576K
Event: 3,064 GC heap after
Heap after GC invocations=10 (full 2):
 PSYoungGen      total 235008K, used 0K [0x00000000d7100000, 0x00000000e6980000, 0x0000000100000000)
  eden space 221696K, 0% used [0x00000000d7100000,0x00000000d7100000,0x00000000e4980000)
  from space 13312K, 0% used [0x00000000e5b80000,0x00000000e5b80000,0x00000000e6880000)
  to   space 16384K, 0% used [0x00000000e4980000,0x00000000e4980000,0x00000000e5980000)
 ParOldGen       total 75264K, used 19841K [0x0000000085200000, 0x0000000089b80000, 0x00000000d7100000)
  object space 75264K, 26% used [0x0000000085200000,0x00000000865606e8,0x0000000089b80000)
 Metaspace       used 34124K, capacity 35234K, committed 35496K, reserved 1079296K
  class space    used 4541K, capacity 4765K, committed 4784K, reserved 1048576K
}
Event: 14,669 GC heap before
{Heap before GC invocations=11 (full 2):
 PSYoungGen      total 235008K, used 221696K [0x00000000d7100000, 0x00000000e6980000, 0x0000000100000000)
  eden space 221696K, 100% used [0x00000000d7100000,0x00000000e4980000,0x00000000e4980000)
  from space 13312K, 0% used [0x00000000e5b80000,0x00000000e5b80000,0x00000000e6880000)
  to   space 16384K, 0% used [0x00000000e4980000,0x00000000e4980000,0x00000000e5980000)
 ParOldGen       total 75264K, used 19841K [0x0000000085200000, 0x0000000089b80000, 0x00000000d7100000)
  object space 75264K, 26% used [0x0000000085200000,0x00000000865606e8,0x0000000089b80000)
 Metaspace       used 41911K, capacity 43586K, committed 43944K, reserved 1087488K
  class space    used 5396K, capacity 5703K, committed 5808K, reserved 1048576K

